basics-of-graphs.html     http://outreach.vlabs.ac.in/
code-assessment.html     http://outreach.vlabs.ac.in/
feedback.html     http://outreach.vlabs.ac.in/
further-reading-and-references.html     http://outreach.vlabs.ac.in/
graph-traversals.html     http://outreach.vlabs.ac.in/
index.html     http://outreach.vlabs.ac.in/
overview.html     http://outreach.vlabs.ac.in/
performance-report.html     http://vlab.co.in
posttest.html     http://outreach.vlabs.ac.in/
pretest.html     http://outreach.vlabs.ac.in/
validator-report.html     http://vlab.co.in
analysis/analysis-quiz.html     http://outreach.vlabs.ac.in/
analysis/comparison-of-bfs-with-dfs.html     http://outreach.vlabs.ac.in/
analysis/index.html     http://outreach.vlabs.ac.in/
analysis/space-and-time-complexitiy-of-dfs.html     http://outreach.vlabs.ac.in/
dfs/dfs-algorithm.html     http://outreach.vlabs.ac.in/
dfs/dfs-concept.html     http://outreach.vlabs.ac.in/
dfs/dfs-quiz.html     http://outreach.vlabs.ac.in/
dfs/index.html     http://outreach.vlabs.ac.in/
dfs/simulation/docs/index.html     http://10.4.12.203/dfs/exp.html%20
dfs/simulation/docs/index.html     http://validator.w3.org/check?uri=referer
dfs/simulation/docs/sitemap.html     http://validator.w3.org/check?uri=referer
dfs/simulation/docs/org-templates/level-0.html     http://validator.w3.org/check?uri=referer
dfs/simulation/docs/org-templates/level-1.html     http://validator.w3.org/check?uri=referer
dfs/simulation/docs/org-templates/level-2.html     http://validator.w3.org/check?uri=referer
dfs/simulation/docs/org-templates/level-3.html     http://validator.w3.org/check?uri=referer
dfs/simulation/docs/org-templates/level-4.html     http://validator.w3.org/check?uri=referer
dfs/simulation/docs/org-templates/level-5.html     http://validator.w3.org/check?uri=referer
dfs/simulation/docs/org-templates/tex-macros.html     http://validator.w3.org/check?uri=referer
dfs/simulation/docs/runtime/css/buttons.html     http://validator.w3.org/check?uri=referer
dfs/simulation/docs/runtime/css/dfs_css.html     http://validator.w3.org/check?uri=referer
dfs/simulation/docs/runtime/css/hint_box.html     http://validator.w3.org/check?uri=referer
dfs/simulation/docs/runtime/css/outline.html     http://validator.w3.org/check?uri=referer
dfs/simulation/docs/runtime/css/styles.html     http://validator.w3.org/check?uri=referer
dfs/simulation/docs/runtime/css/svg.html     http://validator.w3.org/check?uri=referer
dfs/simulation/docs/runtime/html/dfs-demo.html     http://validator.w3.org/check?uri=referer
dfs/simulation/docs/runtime/html/dfs-exercise.html     http://validator.w3.org/check?uri=referer
dfs/simulation/docs/runtime/html/dfs-practice.html     http://validator.w3.org/check?uri=referer
dfs/simulation/docs/runtime/html/dfs-treedemo.html     http://validator.w3.org/check?uri=referer
dfs/simulation/docs/runtime/js/data.html     http://validator.w3.org/check?uri=referer
dfs/simulation/docs/runtime/js/dfs-Algo.html     http://validator.w3.org/check?uri=referer
dfs/simulation/docs/runtime/js/dfs-demo.html     http://validator.w3.org/check?uri=referer
dfs/simulation/docs/runtime/js/dfs-exercise.html     http://validator.w3.org/check?uri=referer
dfs/simulation/docs/runtime/js/dfs-practice.html     http://validator.w3.org/check?uri=referer
dfs/simulation/docs/runtime/js/realization-catalog.html     http://validator.w3.org/check?uri=referer
